<?xml version="1.0" encoding="UTF-8"?>
<!-- Generated by org.testng.reporters.JUnitXMLReporter -->
<testsuite ignored="1" hostname="DESKTOP-KJLE6L8" failures="0" tests="1" name="PositiveSmokeTests-Chrome" time="15.642" errors="0" timestamp="2022-01-29T13:43:33 CST">
  <testcase classname="com.techfirefly.tests.FirstTest" name="test1" time="0.08"/>
  <testcase classname="com.techfirefly.tests.FirstTest" name="test2" time="0.0">
    <ignored/>
  </testcase> <!-- test2 -->
</testsuite> <!-- PositiveSmokeTests-Chrome -->
