<?xml version="1.0" encoding="UTF-8"?>
<testng-results ignored="0" total="1" passed="1" failed="0" skipped="0">
  <reporter-output>
  </reporter-output>
  <suite started-at="2022-01-29T13:05:40 CST" name="FirstTestSuite" finished-at="2022-01-29T13:06:02 CST" duration-ms="22263">
    <groups>
    </groups>
    <test started-at="2022-01-29T13:05:40 CST" name="PositiveTests-Chrome" finished-at="2022-01-29T13:06:02 CST" duration-ms="22263">
      <class name="com.techfirefly.tests.FirstTest">
        <test-method is-config="true" signature="setup()[pri:0, instance:com.techfirefly.tests.FirstTest@6babf3bf]" started-at="2022-01-29T13:05:40 CST" name="setup" finished-at="2022-01-29T13:05:57 CST" duration-ms="17117" status="PASS">
          <reporter-output>
          </reporter-output>
        </test-method> <!-- setup -->
        <test-method signature="test()[pri:0, instance:com.techfirefly.tests.FirstTest@6babf3bf]" started-at="2022-01-29T13:05:57 CST" name="test" finished-at="2022-01-29T13:06:01 CST" duration-ms="4016" status="PASS">
          <reporter-output>
          </reporter-output>
        </test-method> <!-- test -->
        <test-method is-config="true" signature="tearDown()[pri:0, instance:com.techfirefly.tests.FirstTest@6babf3bf]" started-at="2022-01-29T13:06:01 CST" name="tearDown" finished-at="2022-01-29T13:06:02 CST" duration-ms="1101" status="PASS">
          <reporter-output>
          </reporter-output>
        </test-method> <!-- tearDown -->
      </class> <!-- com.techfirefly.tests.FirstTest -->
    </test> <!-- PositiveTests-Chrome -->
  </suite> <!-- FirstTestSuite -->
</testng-results>
