<?xml version="1.0" encoding="UTF-8"?>
<testng-results ignored="0" total="2" passed="2" failed="0" skipped="0">
  <reporter-output>
  </reporter-output>
  <suite started-at="2022-01-29T13:43:58 CST" name="RegressionTestSuite" finished-at="2022-01-29T13:44:32 CST" duration-ms="34410">
    <groups>
    </groups>
    <test started-at="2022-01-29T13:43:58 CST" name="PositiveRegressionTests-Chrome" finished-at="2022-01-29T13:44:32 CST" duration-ms="34410">
      <class name="com.techfirefly.tests.FirstTest">
        <test-method is-config="true" signature="setup()[pri:0, instance:com.techfirefly.tests.FirstTest@3d6f0054]" started-at="2022-01-29T13:43:58 CST" name="setup" finished-at="2022-01-29T13:44:14 CST" duration-ms="16210" status="PASS">
          <reporter-output>
          </reporter-output>
        </test-method> <!-- setup -->
        <test-method signature="test1()[pri:0, instance:com.techfirefly.tests.FirstTest@3d6f0054]" started-at="2022-01-29T13:44:14 CST" name="test1" finished-at="2022-01-29T13:44:14 CST" duration-ms="49" status="PASS">
          <reporter-output>
          </reporter-output>
        </test-method> <!-- test1 -->
        <test-method is-config="true" signature="tearDown()[pri:0, instance:com.techfirefly.tests.FirstTest@3d6f0054]" started-at="2022-01-29T13:44:14 CST" name="tearDown" finished-at="2022-01-29T13:44:14 CST" duration-ms="599" status="PASS">
          <reporter-output>
          </reporter-output>
        </test-method> <!-- tearDown -->
        <test-method is-config="true" signature="setup()[pri:0, instance:com.techfirefly.tests.FirstTest@3d6f0054]" started-at="2022-01-29T13:44:14 CST" name="setup" finished-at="2022-01-29T13:44:31 CST" duration-ms="16866" status="PASS">
          <reporter-output>
          </reporter-output>
        </test-method> <!-- setup -->
        <test-method signature="test2()[pri:0, instance:com.techfirefly.tests.FirstTest@3d6f0054]" started-at="2022-01-29T13:44:31 CST" name="test2" finished-at="2022-01-29T13:44:31 CST" duration-ms="45" status="PASS">
          <reporter-output>
          </reporter-output>
        </test-method> <!-- test2 -->
        <test-method is-config="true" signature="tearDown()[pri:0, instance:com.techfirefly.tests.FirstTest@3d6f0054]" started-at="2022-01-29T13:44:31 CST" name="tearDown" finished-at="2022-01-29T13:44:32 CST" duration-ms="612" status="PASS">
          <reporter-output>
          </reporter-output>
        </test-method> <!-- tearDown -->
      </class> <!-- com.techfirefly.tests.FirstTest -->
    </test> <!-- PositiveRegressionTests-Chrome -->
  </suite> <!-- RegressionTestSuite -->
</testng-results>
